2022-11-25 07:23:37.535  INFO 15376 --- [RMI TCP Connection(75)-127.0.0.1] inMXBeanRegistrar$SpringApplicationAdmin : Application shutdown requested.
2022-11-25 07:23:37.569  INFO 15376 --- [RMI TCP Connection(75)-127.0.0.1] o.apache.catalina.core.StandardService   : Stopping service [Tomcat]
2022-11-25 07:23:37.571  INFO 15376 --- [RMI TCP Connection(75)-127.0.0.1] o.a.c.c.C.[Tomcat].[localhost].[/]       : Destroying Spring FrameworkServlet 'dispatcherServlet'
2022-11-25 07:23:42.628  INFO 18144 --- [restartedMain] c.e.empapp.EmpappSbootAppApplication     : Starting EmpappSbootAppApplication using Java 17.0.4.1 on MILE-BL-4722-LAP with PID 18144 (C:\Users\Miles\Desktop\JAVA\web-dev\ff13\labs\sboot\empapp-sboot-app\target\classes started by Miles in C:\Users\Miles\Desktop\JAVA\web-dev\ff13\labs\sboot\empapp-sboot-app)
2022-11-25 07:23:42.631 DEBUG 18144 --- [restartedMain] c.e.empapp.EmpappSbootAppApplication     : Running with Spring Boot v2.7.5, Spring v5.3.23
2022-11-25 07:23:42.632  INFO 18144 --- [restartedMain] c.e.empapp.EmpappSbootAppApplication     : The following 1 profile is active: "dev"
2022-11-25 07:23:42.700  INFO 18144 --- [restartedMain] .e.DevToolsPropertyDefaultsPostProcessor : Devtools property defaults active! Set 'spring.devtools.add-properties' to 'false' to disable
2022-11-25 07:23:42.700  INFO 18144 --- [restartedMain] .e.DevToolsPropertyDefaultsPostProcessor : For additional web related logging consider setting the 'logging.level.web' property to 'DEBUG'
2022-11-25 07:23:43.969  INFO 18144 --- [restartedMain] o.s.b.w.embedded.tomcat.TomcatWebServer  : Tomcat initialized with port(s): 8080 (http)
2022-11-25 07:23:43.982  INFO 18144 --- [restartedMain] o.apache.catalina.core.StandardService   : Starting service [Tomcat]
2022-11-25 07:23:43.982  INFO 18144 --- [restartedMain] org.apache.catalina.core.StandardEngine  : Starting Servlet engine: [Apache Tomcat/9.0.68]
2022-11-25 07:23:44.050  INFO 18144 --- [restartedMain] o.a.c.c.C.[Tomcat].[localhost].[/]       : Initializing Spring embedded WebApplicationContext
2022-11-25 07:23:44.051  INFO 18144 --- [restartedMain] w.s.c.ServletWebServerApplicationContext : Root WebApplicationContext: initialization completed in 1351 ms
2022-11-25 07:23:44.489  INFO 18144 --- [restartedMain] c.examples.empapp.config.EmployeeConfig  : Welcome, Connection created successfully.com.mysql.cj.jdbc.ConnectionImpl@58d50a7
2022-11-25 07:23:44.881  INFO 18144 --- [restartedMain] o.s.b.d.a.OptionalLiveReloadServer       : LiveReload server is running on port 35729
2022-11-25 07:23:44.888  INFO 18144 --- [restartedMain] o.s.b.a.e.web.EndpointLinksResolver      : Exposing 1 endpoint(s) beneath base path '/actuator'
2022-11-25 07:23:44.936  INFO 18144 --- [restartedMain] o.s.b.w.embedded.tomcat.TomcatWebServer  : Tomcat started on port(s): 8080 (http) with context path ''
2022-11-25 07:23:44.951  INFO 18144 --- [restartedMain] c.e.empapp.EmpappSbootAppApplication     : Started EmpappSbootAppApplication in 2.795 seconds (JVM running for 3.633)
2022-11-25 07:23:46.170  INFO 18144 --- [RMI TCP Connection(9)-127.0.0.1] o.a.c.c.C.[Tomcat].[localhost].[/]       : Initializing Spring DispatcherServlet 'dispatcherServlet'
2022-11-25 07:23:46.171  INFO 18144 --- [RMI TCP Connection(9)-127.0.0.1] o.s.web.servlet.DispatcherServlet        : Initializing Servlet 'dispatcherServlet'
2022-11-25 07:23:46.173  INFO 18144 --- [RMI TCP Connection(9)-127.0.0.1] o.s.web.servlet.DispatcherServlet        : Completed initialization in 1 ms
2022-11-25 07:37:58.523  INFO 25352 --- [restartedMain] c.e.empapp.EmpappSbootAppApplication     : Starting EmpappSbootAppApplication using Java 17.0.4.1 on MILE-BL-4722-LAP with PID 25352 (C:\Users\Miles\Desktop\JAVA\web-dev\ff13\labs\sboot\empapp-sboot-app\target\classes started by Miles in C:\Users\Miles\Desktop\JAVA\web-dev\ff13\labs\sboot\empapp-sboot-app)
2022-11-25 07:37:58.525 DEBUG 25352 --- [restartedMain] c.e.empapp.EmpappSbootAppApplication     : Running with Spring Boot v2.7.5, Spring v5.3.23
2022-11-25 07:37:58.526  INFO 25352 --- [restartedMain] c.e.empapp.EmpappSbootAppApplication     : The following 1 profile is active: "dev"
2022-11-25 07:37:58.581  INFO 25352 --- [restartedMain] .e.DevToolsPropertyDefaultsPostProcessor : Devtools property defaults active! Set 'spring.devtools.add-properties' to 'false' to disable
2022-11-25 07:37:58.581  INFO 25352 --- [restartedMain] .e.DevToolsPropertyDefaultsPostProcessor : For additional web related logging consider setting the 'logging.level.web' property to 'DEBUG'
2022-11-25 07:37:59.745  INFO 25352 --- [restartedMain] o.s.b.w.embedded.tomcat.TomcatWebServer  : Tomcat initialized with port(s): 8080 (http)
2022-11-25 07:37:59.756  INFO 25352 --- [restartedMain] o.apache.catalina.core.StandardService   : Starting service [Tomcat]
2022-11-25 07:37:59.756  INFO 25352 --- [restartedMain] org.apache.catalina.core.StandardEngine  : Starting Servlet engine: [Apache Tomcat/9.0.68]
2022-11-25 07:37:59.820  INFO 25352 --- [restartedMain] o.a.c.c.C.[Tomcat].[localhost].[/]       : Initializing Spring embedded WebApplicationContext
2022-11-25 07:37:59.820  INFO 25352 --- [restartedMain] w.s.c.ServletWebServerApplicationContext : Root WebApplicationContext: initialization completed in 1239 ms
2022-11-25 07:38:00.354  INFO 25352 --- [restartedMain] c.examples.empapp.config.EmployeeConfig  : Welcome, Connection created successfully.com.mysql.cj.jdbc.ConnectionImpl@19a9e8e8
2022-11-25 07:38:00.864  WARN 25352 --- [restartedMain] o.s.b.d.a.OptionalLiveReloadServer       : Unable to start LiveReload server
2022-11-25 07:38:00.870  INFO 25352 --- [restartedMain] o.s.b.a.e.web.EndpointLinksResolver      : Exposing 1 endpoint(s) beneath base path '/actuator'
2022-11-25 07:38:00.899  WARN 25352 --- [restartedMain] ConfigServletWebServerApplicationContext : Exception encountered during context initialization - cancelling refresh attempt: org.springframework.context.ApplicationContextException: Failed to start bean 'webServerStartStop'; nested exception is org.springframework.boot.web.server.PortInUseException: Port 8080 is already in use
2022-11-25 07:38:00.906  INFO 25352 --- [restartedMain] o.apache.catalina.core.StandardService   : Stopping service [Tomcat]
2022-11-25 07:38:00.922  INFO 25352 --- [restartedMain] ConditionEvaluationReportLoggingListener : 

Error starting ApplicationContext. To display the conditions report re-run your application with 'debug' enabled.
2022-11-25 07:38:00.942 ERROR 25352 --- [restartedMain] o.s.b.d.LoggingFailureAnalysisReporter   : 

***************************
APPLICATION FAILED TO START
***************************

Description:

Web server failed to start. Port 8080 was already in use.

Action:

Identify and stop the process that's listening on port 8080 or configure this application to listen on another port.

2022-11-25 07:38:05.606  INFO 18144 --- [RMI TCP Connection(25)-127.0.0.1] inMXBeanRegistrar$SpringApplicationAdmin : Application shutdown requested.
2022-11-25 07:38:05.627  INFO 18144 --- [RMI TCP Connection(25)-127.0.0.1] o.apache.catalina.core.StandardService   : Stopping service [Tomcat]
2022-11-25 07:38:05.629  INFO 18144 --- [RMI TCP Connection(25)-127.0.0.1] o.a.c.c.C.[Tomcat].[localhost].[/]       : Destroying Spring FrameworkServlet 'dispatcherServlet'
2022-11-25 07:39:03.633  INFO 16076 --- [restartedMain] c.e.empapp.EmpappSbootAppApplication     : Starting EmpappSbootAppApplication using Java 17.0.4.1 on MILE-BL-4722-LAP with PID 16076 (C:\Users\Miles\Desktop\JAVA\web-dev\ff13\labs\sboot\empapp-sboot-app\target\classes started by Miles in C:\Users\Miles\Desktop\JAVA\web-dev\ff13\labs\sboot\empapp-sboot-app)
2022-11-25 07:39:03.634 DEBUG 16076 --- [restartedMain] c.e.empapp.EmpappSbootAppApplication     : Running with Spring Boot v2.7.5, Spring v5.3.23
2022-11-25 07:39:03.635  INFO 16076 --- [restartedMain] c.e.empapp.EmpappSbootAppApplication     : The following 1 profile is active: "dev"
2022-11-25 07:39:03.691  INFO 16076 --- [restartedMain] .e.DevToolsPropertyDefaultsPostProcessor : Devtools property defaults active! Set 'spring.devtools.add-properties' to 'false' to disable
2022-11-25 07:39:03.691  INFO 16076 --- [restartedMain] .e.DevToolsPropertyDefaultsPostProcessor : For additional web related logging consider setting the 'logging.level.web' property to 'DEBUG'
2022-11-25 07:39:04.728  INFO 16076 --- [restartedMain] o.s.b.w.embedded.tomcat.TomcatWebServer  : Tomcat initialized with port(s): 8080 (http)
2022-11-25 07:39:04.738  INFO 16076 --- [restartedMain] o.apache.catalina.core.StandardService   : Starting service [Tomcat]
2022-11-25 07:39:04.738  INFO 16076 --- [restartedMain] org.apache.catalina.core.StandardEngine  : Starting Servlet engine: [Apache Tomcat/9.0.68]
2022-11-25 07:39:04.799  INFO 16076 --- [restartedMain] o.a.c.c.C.[Tomcat].[localhost].[/]       : Initializing Spring embedded WebApplicationContext
2022-11-25 07:39:04.800  INFO 16076 --- [restartedMain] w.s.c.ServletWebServerApplicationContext : Root WebApplicationContext: initialization completed in 1109 ms
2022-11-25 07:39:05.249  INFO 16076 --- [restartedMain] c.examples.empapp.config.EmployeeConfig  : Welcome, Connection created successfully.com.mysql.cj.jdbc.ConnectionImpl@55c05a15
2022-11-25 07:39:05.650  INFO 16076 --- [restartedMain] o.s.b.d.a.OptionalLiveReloadServer       : LiveReload server is running on port 35729
2022-11-25 07:39:05.656  INFO 16076 --- [restartedMain] o.s.b.a.e.web.EndpointLinksResolver      : Exposing 1 endpoint(s) beneath base path '/actuator'
2022-11-25 07:39:05.705  INFO 16076 --- [restartedMain] o.s.b.w.embedded.tomcat.TomcatWebServer  : Tomcat started on port(s): 8080 (http) with context path ''
2022-11-25 07:39:05.719  INFO 16076 --- [restartedMain] c.e.empapp.EmpappSbootAppApplication     : Started EmpappSbootAppApplication in 2.428 seconds (JVM running for 3.128)
2022-11-25 07:39:06.850  INFO 16076 --- [RMI TCP Connection(9)-127.0.0.1] o.a.c.c.C.[Tomcat].[localhost].[/]       : Initializing Spring DispatcherServlet 'dispatcherServlet'
2022-11-25 07:39:06.855  INFO 16076 --- [RMI TCP Connection(9)-127.0.0.1] o.s.web.servlet.DispatcherServlet        : Initializing Servlet 'dispatcherServlet'
2022-11-25 07:39:06.862  INFO 16076 --- [RMI TCP Connection(9)-127.0.0.1] o.s.web.servlet.DispatcherServlet        : Completed initialization in 6 ms
2022-11-25 07:45:23.378  INFO 31348 --- [restartedMain] c.e.empapp.EmpappSbootAppApplication     : Starting EmpappSbootAppApplication using Java 17.0.4.1 on MILE-BL-4722-LAP with PID 31348 (C:\Users\Miles\Desktop\JAVA\web-dev\ff13\labs\sboot\empapp-sboot-app\target\classes started by Miles in C:\Users\Miles\Desktop\JAVA\web-dev\ff13\labs\sboot\empapp-sboot-app)
2022-11-25 07:45:23.380 DEBUG 31348 --- [restartedMain] c.e.empapp.EmpappSbootAppApplication     : Running with Spring Boot v2.7.5, Spring v5.3.23
2022-11-25 07:45:23.380  INFO 31348 --- [restartedMain] c.e.empapp.EmpappSbootAppApplication     : The following 1 profile is active: "dev"
2022-11-25 07:45:23.438  INFO 31348 --- [restartedMain] .e.DevToolsPropertyDefaultsPostProcessor : Devtools property defaults active! Set 'spring.devtools.add-properties' to 'false' to disable
2022-11-25 07:45:23.438  INFO 31348 --- [restartedMain] .e.DevToolsPropertyDefaultsPostProcessor : For additional web related logging consider setting the 'logging.level.web' property to 'DEBUG'
2022-11-25 07:45:24.509  INFO 31348 --- [restartedMain] o.s.b.w.embedded.tomcat.TomcatWebServer  : Tomcat initialized with port(s): 8080 (http)
2022-11-25 07:45:24.518  INFO 31348 --- [restartedMain] o.apache.catalina.core.StandardService   : Starting service [Tomcat]
2022-11-25 07:45:24.518  INFO 31348 --- [restartedMain] org.apache.catalina.core.StandardEngine  : Starting Servlet engine: [Apache Tomcat/9.0.68]
2022-11-25 07:45:24.590  INFO 31348 --- [restartedMain] o.a.c.c.C.[Tomcat].[localhost].[/]       : Initializing Spring embedded WebApplicationContext
2022-11-25 07:45:24.590  INFO 31348 --- [restartedMain] w.s.c.ServletWebServerApplicationContext : Root WebApplicationContext: initialization completed in 1152 ms
2022-11-25 07:45:25.068  INFO 31348 --- [restartedMain] c.examples.empapp.config.EmployeeConfig  : Welcome, Connection created successfully.com.mysql.cj.jdbc.ConnectionImpl@2ed0392c
2022-11-25 07:45:25.493  WARN 31348 --- [restartedMain] o.s.b.d.a.OptionalLiveReloadServer       : Unable to start LiveReload server
2022-11-25 07:45:25.499  INFO 31348 --- [restartedMain] o.s.b.a.e.web.EndpointLinksResolver      : Exposing 1 endpoint(s) beneath base path '/actuator'
2022-11-25 07:45:25.536  WARN 31348 --- [restartedMain] ConfigServletWebServerApplicationContext : Exception encountered during context initialization - cancelling refresh attempt: org.springframework.context.ApplicationContextException: Failed to start bean 'webServerStartStop'; nested exception is org.springframework.boot.web.server.PortInUseException: Port 8080 is already in use
2022-11-25 07:45:25.547  INFO 31348 --- [restartedMain] o.apache.catalina.core.StandardService   : Stopping service [Tomcat]
2022-11-25 07:45:25.567  INFO 31348 --- [restartedMain] ConditionEvaluationReportLoggingListener : 

Error starting ApplicationContext. To display the conditions report re-run your application with 'debug' enabled.
2022-11-25 07:45:25.586 ERROR 31348 --- [restartedMain] o.s.b.d.LoggingFailureAnalysisReporter   : 

***************************
APPLICATION FAILED TO START
***************************

Description:

Web server failed to start. Port 8080 was already in use.

Action:

Identify and stop the process that's listening on port 8080 or configure this application to listen on another port.

2022-11-25 07:45:28.477  INFO 16076 --- [RMI TCP Connection(17)-127.0.0.1] inMXBeanRegistrar$SpringApplicationAdmin : Application shutdown requested.
2022-11-25 07:45:28.499  INFO 16076 --- [RMI TCP Connection(17)-127.0.0.1] o.apache.catalina.core.StandardService   : Stopping service [Tomcat]
2022-11-25 07:45:28.501  INFO 16076 --- [RMI TCP Connection(17)-127.0.0.1] o.a.c.c.C.[Tomcat].[localhost].[/]       : Destroying Spring FrameworkServlet 'dispatcherServlet'
2022-11-25 07:45:32.038  INFO 33472 --- [restartedMain] c.e.empapp.EmpappSbootAppApplication     : Starting EmpappSbootAppApplication using Java 17.0.4.1 on MILE-BL-4722-LAP with PID 33472 (C:\Users\Miles\Desktop\JAVA\web-dev\ff13\labs\sboot\empapp-sboot-app\target\classes started by Miles in C:\Users\Miles\Desktop\JAVA\web-dev\ff13\labs\sboot\empapp-sboot-app)
2022-11-25 07:45:32.039 DEBUG 33472 --- [restartedMain] c.e.empapp.EmpappSbootAppApplication     : Running with Spring Boot v2.7.5, Spring v5.3.23
2022-11-25 07:45:32.039  INFO 33472 --- [restartedMain] c.e.empapp.EmpappSbootAppApplication     : The following 1 profile is active: "dev"
2022-11-25 07:45:32.092  INFO 33472 --- [restartedMain] .e.DevToolsPropertyDefaultsPostProcessor : Devtools property defaults active! Set 'spring.devtools.add-properties' to 'false' to disable
2022-11-25 07:45:32.092  INFO 33472 --- [restartedMain] .e.DevToolsPropertyDefaultsPostProcessor : For additional web related logging consider setting the 'logging.level.web' property to 'DEBUG'
2022-11-25 07:45:33.088  INFO 33472 --- [restartedMain] o.s.b.w.embedded.tomcat.TomcatWebServer  : Tomcat initialized with port(s): 8080 (http)
2022-11-25 07:45:33.097  INFO 33472 --- [restartedMain] o.apache.catalina.core.StandardService   : Starting service [Tomcat]
2022-11-25 07:45:33.097  INFO 33472 --- [restartedMain] org.apache.catalina.core.StandardEngine  : Starting Servlet engine: [Apache Tomcat/9.0.68]
2022-11-25 07:45:33.158  INFO 33472 --- [restartedMain] o.a.c.c.C.[Tomcat].[localhost].[/]       : Initializing Spring embedded WebApplicationContext
2022-11-25 07:45:33.159  INFO 33472 --- [restartedMain] w.s.c.ServletWebServerApplicationContext : Root WebApplicationContext: initialization completed in 1067 ms
2022-11-25 07:45:34.013  INFO 33472 --- [restartedMain] c.examples.empapp.config.EmployeeConfig  : Welcome, Connection created successfully.com.mysql.cj.jdbc.ConnectionImpl@46bd33f4
2022-11-25 07:45:34.383  INFO 33472 --- [restartedMain] o.s.b.d.a.OptionalLiveReloadServer       : LiveReload server is running on port 35729
2022-11-25 07:45:34.390  INFO 33472 --- [restartedMain] o.s.b.a.e.web.EndpointLinksResolver      : Exposing 1 endpoint(s) beneath base path '/actuator'
2022-11-25 07:45:34.437  INFO 33472 --- [restartedMain] o.s.b.w.embedded.tomcat.TomcatWebServer  : Tomcat started on port(s): 8080 (http) with context path ''
2022-11-25 07:45:34.452  INFO 33472 --- [restartedMain] c.e.empapp.EmpappSbootAppApplication     : Started EmpappSbootAppApplication in 2.791 seconds (JVM running for 3.59)
2022-11-25 07:45:35.187  INFO 33472 --- [RMI TCP Connection(9)-127.0.0.1] o.a.c.c.C.[Tomcat].[localhost].[/]       : Initializing Spring DispatcherServlet 'dispatcherServlet'
2022-11-25 07:45:35.188  INFO 33472 --- [RMI TCP Connection(9)-127.0.0.1] o.s.web.servlet.DispatcherServlet        : Initializing Servlet 'dispatcherServlet'
2022-11-25 07:45:35.189  INFO 33472 --- [RMI TCP Connection(9)-127.0.0.1] o.s.web.servlet.DispatcherServlet        : Completed initialization in 1 ms
2022-11-25 07:50:11.722  INFO 33472 --- [RMI TCP Connection(15)-127.0.0.1] inMXBeanRegistrar$SpringApplicationAdmin : Application shutdown requested.
2022-11-25 07:50:11.745  INFO 33472 --- [RMI TCP Connection(15)-127.0.0.1] o.apache.catalina.core.StandardService   : Stopping service [Tomcat]
2022-11-25 07:50:11.747  INFO 33472 --- [RMI TCP Connection(15)-127.0.0.1] o.a.c.c.C.[Tomcat].[localhost].[/]       : Destroying Spring FrameworkServlet 'dispatcherServlet'
2022-11-25 09:59:27.791  INFO 16236 --- [restartedMain] c.e.empapp.EmpappSbootAppApplication     : Starting EmpappSbootAppApplication using Java 17.0.4.1 on MILE-BL-4722-LAP with PID 16236 (C:\Users\Miles\Desktop\JAVA\web-dev\ff13\labs\sboot\empapp-sboot-app\target\classes started by Miles in C:\Users\Miles\Desktop\JAVA\web-dev\ff13\labs\sboot\empapp-sboot-app)
2022-11-25 09:59:27.792 DEBUG 16236 --- [restartedMain] c.e.empapp.EmpappSbootAppApplication     : Running with Spring Boot v2.7.5, Spring v5.3.23
2022-11-25 09:59:27.793  INFO 16236 --- [restartedMain] c.e.empapp.EmpappSbootAppApplication     : The following 1 profile is active: "dev"
2022-11-25 09:59:27.837  INFO 16236 --- [restartedMain] .e.DevToolsPropertyDefaultsPostProcessor : Devtools property defaults active! Set 'spring.devtools.add-properties' to 'false' to disable
2022-11-25 09:59:27.837  INFO 16236 --- [restartedMain] .e.DevToolsPropertyDefaultsPostProcessor : For additional web related logging consider setting the 'logging.level.web' property to 'DEBUG'
2022-11-25 09:59:28.709  INFO 16236 --- [restartedMain] o.s.b.w.embedded.tomcat.TomcatWebServer  : Tomcat initialized with port(s): 8080 (http)
2022-11-25 09:59:28.717  INFO 16236 --- [restartedMain] o.apache.catalina.core.StandardService   : Starting service [Tomcat]
2022-11-25 09:59:28.717  INFO 16236 --- [restartedMain] org.apache.catalina.core.StandardEngine  : Starting Servlet engine: [Apache Tomcat/9.0.68]
2022-11-25 09:59:28.765  INFO 16236 --- [restartedMain] o.a.c.c.C.[Tomcat].[localhost].[/]       : Initializing Spring embedded WebApplicationContext
2022-11-25 09:59:28.765  INFO 16236 --- [restartedMain] w.s.c.ServletWebServerApplicationContext : Root WebApplicationContext: initialization completed in 928 ms
2022-11-25 09:59:29.153  INFO 16236 --- [restartedMain] c.examples.empapp.config.EmployeeConfig  : Welcome, Connection created successfully.com.mysql.cj.jdbc.ConnectionImpl@218fd5ee
2022-11-25 09:59:29.532  INFO 16236 --- [restartedMain] o.s.b.d.a.OptionalLiveReloadServer       : LiveReload server is running on port 35729
2022-11-25 09:59:29.536  INFO 16236 --- [restartedMain] o.s.b.a.e.web.EndpointLinksResolver      : Exposing 1 endpoint(s) beneath base path '/actuator'
2022-11-25 09:59:29.574  INFO 16236 --- [restartedMain] o.s.b.w.embedded.tomcat.TomcatWebServer  : Tomcat started on port(s): 8080 (http) with context path ''
2022-11-25 09:59:29.587  INFO 16236 --- [restartedMain] c.e.empapp.EmpappSbootAppApplication     : Started EmpappSbootAppApplication in 2.166 seconds (JVM running for 2.86)
2022-11-25 09:59:30.617  INFO 16236 --- [RMI TCP Connection(9)-127.0.0.1] o.a.c.c.C.[Tomcat].[localhost].[/]       : Initializing Spring DispatcherServlet 'dispatcherServlet'
2022-11-25 09:59:30.617  INFO 16236 --- [RMI TCP Connection(9)-127.0.0.1] o.s.web.servlet.DispatcherServlet        : Initializing Servlet 'dispatcherServlet'
2022-11-25 09:59:30.617  INFO 16236 --- [RMI TCP Connection(9)-127.0.0.1] o.s.web.servlet.DispatcherServlet        : Completed initialization in 0 ms
2022-11-25 10:03:32.418  INFO 16236 --- [File Watcher] rtingClassPathChangeChangedEventListener : Restarting due to 1 class path change (0 additions, 0 deletions, 1 modification)
2022-11-25 10:03:32.435  INFO 16236 --- [Thread-5] o.apache.catalina.core.StandardService   : Stopping service [Tomcat]
2022-11-25 10:03:32.436  INFO 16236 --- [Thread-5] o.a.c.c.C.[Tomcat].[localhost].[/]       : Destroying Spring FrameworkServlet 'dispatcherServlet'
2022-11-25 10:03:32.507  INFO 16236 --- [restartedMain] c.e.empapp.EmpappSbootAppApplication     : Starting EmpappSbootAppApplication using Java 17.0.4.1 on MILE-BL-4722-LAP with PID 16236 (C:\Users\Miles\Desktop\JAVA\web-dev\ff13\labs\sboot\empapp-sboot-app\target\classes started by Miles in C:\Users\Miles\Desktop\JAVA\web-dev\ff13\labs\sboot\empapp-sboot-app)
2022-11-25 10:03:32.507 DEBUG 16236 --- [restartedMain] c.e.empapp.EmpappSbootAppApplication     : Running with Spring Boot v2.7.5, Spring v5.3.23
2022-11-25 10:03:32.507  INFO 16236 --- [restartedMain] c.e.empapp.EmpappSbootAppApplication     : The following 1 profile is active: "dev"
2022-11-25 10:03:32.701  INFO 16236 --- [restartedMain] o.s.b.w.embedded.tomcat.TomcatWebServer  : Tomcat initialized with port(s): 8080 (http)
2022-11-25 10:03:32.702  INFO 16236 --- [restartedMain] o.apache.catalina.core.StandardService   : Starting service [Tomcat]
2022-11-25 10:03:32.702  INFO 16236 --- [restartedMain] org.apache.catalina.core.StandardEngine  : Starting Servlet engine: [Apache Tomcat/9.0.68]
2022-11-25 10:03:32.714  INFO 16236 --- [restartedMain] o.a.c.c.C.[Tomcat].[localhost].[/]       : Initializing Spring embedded WebApplicationContext
2022-11-25 10:03:32.714  INFO 16236 --- [restartedMain] w.s.c.ServletWebServerApplicationContext : Root WebApplicationContext: initialization completed in 205 ms
2022-11-25 10:03:32.755  INFO 16236 --- [restartedMain] c.examples.empapp.config.EmployeeConfig  : Welcome, Connection created successfully.com.mysql.cj.jdbc.ConnectionImpl@4de8f048
2022-11-25 10:03:32.844  INFO 16236 --- [restartedMain] o.s.b.d.a.OptionalLiveReloadServer       : LiveReload server is running on port 35729
2022-11-25 10:03:32.846  INFO 16236 --- [restartedMain] o.s.b.a.e.web.EndpointLinksResolver      : Exposing 1 endpoint(s) beneath base path '/actuator'
2022-11-25 10:03:32.859  INFO 16236 --- [restartedMain] o.s.b.w.embedded.tomcat.TomcatWebServer  : Tomcat started on port(s): 8080 (http) with context path ''
2022-11-25 10:03:32.866  INFO 16236 --- [restartedMain] c.e.empapp.EmpappSbootAppApplication     : Started EmpappSbootAppApplication in 0.383 seconds (JVM running for 246.139)
2022-11-25 10:03:32.869  INFO 16236 --- [restartedMain] .ConditionEvaluationDeltaLoggingListener : Condition evaluation unchanged
2022-11-25 10:04:31.479  INFO 16236 --- [File Watcher] rtingClassPathChangeChangedEventListener : Restarting due to 1 class path change (0 additions, 0 deletions, 1 modification)
2022-11-25 10:04:31.496  INFO 16236 --- [Thread-7] o.apache.catalina.core.StandardService   : Stopping service [Tomcat]
2022-11-25 10:04:31.555  INFO 16236 --- [restartedMain] c.e.empapp.EmpappSbootAppApplication     : Starting EmpappSbootAppApplication using Java 17.0.4.1 on MILE-BL-4722-LAP with PID 16236 (C:\Users\Miles\Desktop\JAVA\web-dev\ff13\labs\sboot\empapp-sboot-app\target\classes started by Miles in C:\Users\Miles\Desktop\JAVA\web-dev\ff13\labs\sboot\empapp-sboot-app)
2022-11-25 10:04:31.556 DEBUG 16236 --- [restartedMain] c.e.empapp.EmpappSbootAppApplication     : Running with Spring Boot v2.7.5, Spring v5.3.23
2022-11-25 10:04:31.556  INFO 16236 --- [restartedMain] c.e.empapp.EmpappSbootAppApplication     : The following 1 profile is active: "dev"
2022-11-25 10:04:31.742  INFO 16236 --- [restartedMain] o.s.b.w.embedded.tomcat.TomcatWebServer  : Tomcat initialized with port(s): 8080 (http)
2022-11-25 10:04:31.743  INFO 16236 --- [restartedMain] o.apache.catalina.core.StandardService   : Starting service [Tomcat]
2022-11-25 10:04:31.743  INFO 16236 --- [restartedMain] org.apache.catalina.core.StandardEngine  : Starting Servlet engine: [Apache Tomcat/9.0.68]
2022-11-25 10:04:31.753  INFO 16236 --- [restartedMain] o.a.c.c.C.[Tomcat].[localhost].[/]       : Initializing Spring embedded WebApplicationContext
2022-11-25 10:04:31.753  INFO 16236 --- [restartedMain] w.s.c.ServletWebServerApplicationContext : Root WebApplicationContext: initialization completed in 195 ms
2022-11-25 10:04:31.793  INFO 16236 --- [restartedMain] c.examples.empapp.config.EmployeeConfig  : Welcome, Connection created successfully.com.mysql.cj.jdbc.ConnectionImpl@35df8c14
2022-11-25 10:04:31.856  INFO 16236 --- [restartedMain] o.s.b.d.a.OptionalLiveReloadServer       : LiveReload server is running on port 35729
2022-11-25 10:04:31.858  INFO 16236 --- [restartedMain] o.s.b.a.e.web.EndpointLinksResolver      : Exposing 1 endpoint(s) beneath base path '/actuator'
2022-11-25 10:04:31.869  INFO 16236 --- [restartedMain] o.s.b.w.embedded.tomcat.TomcatWebServer  : Tomcat started on port(s): 8080 (http) with context path ''
2022-11-25 10:04:31.876  INFO 16236 --- [restartedMain] c.e.empapp.EmpappSbootAppApplication     : Started EmpappSbootAppApplication in 0.343 seconds (JVM running for 305.149)
2022-11-25 10:04:31.878  INFO 16236 --- [restartedMain] .ConditionEvaluationDeltaLoggingListener : Condition evaluation unchanged
2022-11-25 10:04:57.908  INFO 16236 --- [http-nio-8080-exec-2] o.a.c.c.C.[Tomcat].[localhost].[/]       : Initializing Spring DispatcherServlet 'dispatcherServlet'
2022-11-25 10:04:57.908  INFO 16236 --- [http-nio-8080-exec-2] o.s.web.servlet.DispatcherServlet        : Initializing Servlet 'dispatcherServlet'
2022-11-25 10:04:57.909  INFO 16236 --- [http-nio-8080-exec-2] o.s.web.servlet.DispatcherServlet        : Completed initialization in 1 ms
2022-11-25 10:05:59.593  INFO 16236 --- [File Watcher] rtingClassPathChangeChangedEventListener : Restarting due to 1 class path change (0 additions, 0 deletions, 1 modification)
2022-11-25 10:05:59.621  INFO 16236 --- [Thread-11] o.apache.catalina.core.StandardService   : Stopping service [Tomcat]
2022-11-25 10:05:59.621  INFO 16236 --- [Thread-11] o.a.c.c.C.[Tomcat].[localhost].[/]       : Destroying Spring FrameworkServlet 'dispatcherServlet'
2022-11-25 10:05:59.681  INFO 16236 --- [restartedMain] c.e.empapp.EmpappSbootAppApplication     : Starting EmpappSbootAppApplication using Java 17.0.4.1 on MILE-BL-4722-LAP with PID 16236 (C:\Users\Miles\Desktop\JAVA\web-dev\ff13\labs\sboot\empapp-sboot-app\target\classes started by Miles in C:\Users\Miles\Desktop\JAVA\web-dev\ff13\labs\sboot\empapp-sboot-app)
2022-11-25 10:05:59.682 DEBUG 16236 --- [restartedMain] c.e.empapp.EmpappSbootAppApplication     : Running with Spring Boot v2.7.5, Spring v5.3.23
2022-11-25 10:05:59.682  INFO 16236 --- [restartedMain] c.e.empapp.EmpappSbootAppApplication     : The following 1 profile is active: "dev"
2022-11-25 10:05:59.857  INFO 16236 --- [restartedMain] o.s.b.w.embedded.tomcat.TomcatWebServer  : Tomcat initialized with port(s): 8080 (http)
2022-11-25 10:05:59.858  INFO 16236 --- [restartedMain] o.apache.catalina.core.StandardService   : Starting service [Tomcat]
2022-11-25 10:05:59.858  INFO 16236 --- [restartedMain] org.apache.catalina.core.StandardEngine  : Starting Servlet engine: [Apache Tomcat/9.0.68]
2022-11-25 10:05:59.867  INFO 16236 --- [restartedMain] o.a.c.c.C.[Tomcat].[localhost].[/]       : Initializing Spring embedded WebApplicationContext
2022-11-25 10:05:59.867  INFO 16236 --- [restartedMain] w.s.c.ServletWebServerApplicationContext : Root WebApplicationContext: initialization completed in 184 ms
2022-11-25 10:05:59.903  INFO 16236 --- [restartedMain] c.examples.empapp.config.EmployeeConfig  : Welcome, Connection created successfully.com.mysql.cj.jdbc.ConnectionImpl@4501ba2c
2022-11-25 10:05:59.966  INFO 16236 --- [restartedMain] o.s.b.d.a.OptionalLiveReloadServer       : LiveReload server is running on port 35729
2022-11-25 10:05:59.968  INFO 16236 --- [restartedMain] o.s.b.a.e.web.EndpointLinksResolver      : Exposing 1 endpoint(s) beneath base path '/actuator'
2022-11-25 10:05:59.978  INFO 16236 --- [restartedMain] o.s.b.w.embedded.tomcat.TomcatWebServer  : Tomcat started on port(s): 8080 (http) with context path ''
2022-11-25 10:05:59.986  INFO 16236 --- [restartedMain] c.e.empapp.EmpappSbootAppApplication     : Started EmpappSbootAppApplication in 0.325 seconds (JVM running for 393.259)
2022-11-25 10:05:59.988  INFO 16236 --- [restartedMain] .ConditionEvaluationDeltaLoggingListener : Condition evaluation unchanged
2022-11-25 10:06:18.144  INFO 16236 --- [http-nio-8080-exec-2] o.a.c.c.C.[Tomcat].[localhost].[/]       : Initializing Spring DispatcherServlet 'dispatcherServlet'
2022-11-25 10:06:18.145  INFO 16236 --- [http-nio-8080-exec-2] o.s.web.servlet.DispatcherServlet        : Initializing Servlet 'dispatcherServlet'
2022-11-25 10:06:18.146  INFO 16236 --- [http-nio-8080-exec-2] o.s.web.servlet.DispatcherServlet        : Completed initialization in 1 ms
2022-11-25 10:07:28.251  INFO 16236 --- [File Watcher] rtingClassPathChangeChangedEventListener : Restarting due to 1 class path change (0 additions, 0 deletions, 1 modification)
2022-11-25 10:07:28.267  INFO 16236 --- [Thread-15] o.apache.catalina.core.StandardService   : Stopping service [Tomcat]
2022-11-25 10:07:28.268  INFO 16236 --- [Thread-15] o.a.c.c.C.[Tomcat].[localhost].[/]       : Destroying Spring FrameworkServlet 'dispatcherServlet'
2022-11-25 10:07:28.324  INFO 16236 --- [restartedMain] c.e.empapp.EmpappSbootAppApplication     : Starting EmpappSbootAppApplication using Java 17.0.4.1 on MILE-BL-4722-LAP with PID 16236 (C:\Users\Miles\Desktop\JAVA\web-dev\ff13\labs\sboot\empapp-sboot-app\target\classes started by Miles in C:\Users\Miles\Desktop\JAVA\web-dev\ff13\labs\sboot\empapp-sboot-app)
2022-11-25 10:07:28.324 DEBUG 16236 --- [restartedMain] c.e.empapp.EmpappSbootAppApplication     : Running with Spring Boot v2.7.5, Spring v5.3.23
2022-11-25 10:07:28.324  INFO 16236 --- [restartedMain] c.e.empapp.EmpappSbootAppApplication     : The following 1 profile is active: "dev"
2022-11-25 10:07:28.497  INFO 16236 --- [restartedMain] o.s.b.w.embedded.tomcat.TomcatWebServer  : Tomcat initialized with port(s): 8080 (http)
2022-11-25 10:07:28.498  INFO 16236 --- [restartedMain] o.apache.catalina.core.StandardService   : Starting service [Tomcat]
2022-11-25 10:07:28.498  INFO 16236 --- [restartedMain] org.apache.catalina.core.StandardEngine  : Starting Servlet engine: [Apache Tomcat/9.0.68]
2022-11-25 10:07:28.508  INFO 16236 --- [restartedMain] o.a.c.c.C.[Tomcat].[localhost].[/]       : Initializing Spring embedded WebApplicationContext
2022-11-25 10:07:28.508  INFO 16236 --- [restartedMain] w.s.c.ServletWebServerApplicationContext : Root WebApplicationContext: initialization completed in 182 ms
2022-11-25 10:07:28.544  INFO 16236 --- [restartedMain] c.examples.empapp.config.EmployeeConfig  : Welcome, Connection created successfully.com.mysql.cj.jdbc.ConnectionImpl@4a3bd0a1
2022-11-25 10:07:28.608  INFO 16236 --- [restartedMain] o.s.b.d.a.OptionalLiveReloadServer       : LiveReload server is running on port 35729
2022-11-25 10:07:28.610  INFO 16236 --- [restartedMain] o.s.b.a.e.web.EndpointLinksResolver      : Exposing 1 endpoint(s) beneath base path '/actuator'
2022-11-25 10:07:28.621  INFO 16236 --- [restartedMain] o.s.b.w.embedded.tomcat.TomcatWebServer  : Tomcat started on port(s): 8080 (http) with context path ''
2022-11-25 10:07:28.627  INFO 16236 --- [restartedMain] c.e.empapp.EmpappSbootAppApplication     : Started EmpappSbootAppApplication in 0.323 seconds (JVM running for 481.9)
2022-11-25 10:07:28.628  INFO 16236 --- [restartedMain] .ConditionEvaluationDeltaLoggingListener : Condition evaluation unchanged
2022-11-25 10:07:35.857  INFO 16236 --- [http-nio-8080-exec-3] o.a.c.c.C.[Tomcat].[localhost].[/]       : Initializing Spring DispatcherServlet 'dispatcherServlet'
2022-11-25 10:07:35.857  INFO 16236 --- [http-nio-8080-exec-3] o.s.web.servlet.DispatcherServlet        : Initializing Servlet 'dispatcherServlet'
2022-11-25 10:07:35.858  INFO 16236 --- [http-nio-8080-exec-3] o.s.web.servlet.DispatcherServlet        : Completed initialization in 1 ms
2022-11-25 10:07:41.298  INFO 16236 --- [File Watcher] rtingClassPathChangeChangedEventListener : Restarting due to 1 class path change (0 additions, 0 deletions, 1 modification)
2022-11-25 10:07:41.311  INFO 16236 --- [Thread-19] o.apache.catalina.core.StandardService   : Stopping service [Tomcat]
2022-11-25 10:07:41.312  INFO 16236 --- [Thread-19] o.a.c.c.C.[Tomcat].[localhost].[/]       : Destroying Spring FrameworkServlet 'dispatcherServlet'
2022-11-25 10:07:41.379  INFO 16236 --- [restartedMain] c.e.empapp.EmpappSbootAppApplication     : Starting EmpappSbootAppApplication using Java 17.0.4.1 on MILE-BL-4722-LAP with PID 16236 (C:\Users\Miles\Desktop\JAVA\web-dev\ff13\labs\sboot\empapp-sboot-app\target\classes started by Miles in C:\Users\Miles\Desktop\JAVA\web-dev\ff13\labs\sboot\empapp-sboot-app)
2022-11-25 10:07:41.379 DEBUG 16236 --- [restartedMain] c.e.empapp.EmpappSbootAppApplication     : Running with Spring Boot v2.7.5, Spring v5.3.23
2022-11-25 10:07:41.379  INFO 16236 --- [restartedMain] c.e.empapp.EmpappSbootAppApplication     : The following 1 profile is active: "dev"
2022-11-25 10:07:41.558  INFO 16236 --- [restartedMain] o.s.b.w.embedded.tomcat.TomcatWebServer  : Tomcat initialized with port(s): 8080 (http)
2022-11-25 10:07:41.559  INFO 16236 --- [restartedMain] o.apache.catalina.core.StandardService   : Starting service [Tomcat]
2022-11-25 10:07:41.559  INFO 16236 --- [restartedMain] org.apache.catalina.core.StandardEngine  : Starting Servlet engine: [Apache Tomcat/9.0.68]
2022-11-25 10:07:41.570  INFO 16236 --- [restartedMain] o.a.c.c.C.[Tomcat].[localhost].[/]       : Initializing Spring embedded WebApplicationContext
2022-11-25 10:07:41.570  INFO 16236 --- [restartedMain] w.s.c.ServletWebServerApplicationContext : Root WebApplicationContext: initialization completed in 189 ms
2022-11-25 10:07:41.609  INFO 16236 --- [restartedMain] c.examples.empapp.config.EmployeeConfig  : Welcome, Connection created successfully.com.mysql.cj.jdbc.ConnectionImpl@30ee0bbc
2022-11-25 10:07:41.685  INFO 16236 --- [restartedMain] o.s.b.d.a.OptionalLiveReloadServer       : LiveReload server is running on port 35729
2022-11-25 10:07:41.687  INFO 16236 --- [restartedMain] o.s.b.a.e.web.EndpointLinksResolver      : Exposing 1 endpoint(s) beneath base path '/actuator'
2022-11-25 10:07:41.697  INFO 16236 --- [restartedMain] o.s.b.w.embedded.tomcat.TomcatWebServer  : Tomcat started on port(s): 8080 (http) with context path ''
2022-11-25 10:07:41.704  INFO 16236 --- [restartedMain] c.e.empapp.EmpappSbootAppApplication     : Started EmpappSbootAppApplication in 0.351 seconds (JVM running for 494.977)
2022-11-25 10:07:41.706  INFO 16236 --- [restartedMain] .ConditionEvaluationDeltaLoggingListener : Condition evaluation unchanged
2022-11-25 10:07:42.321  INFO 16236 --- [http-nio-8080-exec-3] o.a.c.c.C.[Tomcat].[localhost].[/]       : Initializing Spring DispatcherServlet 'dispatcherServlet'
2022-11-25 10:07:42.322  INFO 16236 --- [http-nio-8080-exec-3] o.s.web.servlet.DispatcherServlet        : Initializing Servlet 'dispatcherServlet'
2022-11-25 10:07:42.322  INFO 16236 --- [http-nio-8080-exec-3] o.s.web.servlet.DispatcherServlet        : Completed initialization in 0 ms
2022-11-25 10:08:05.686  INFO 16236 --- [File Watcher] rtingClassPathChangeChangedEventListener : Restarting due to 1 class path change (0 additions, 0 deletions, 1 modification)
2022-11-25 10:08:05.699  INFO 16236 --- [Thread-23] o.apache.catalina.core.StandardService   : Stopping service [Tomcat]
2022-11-25 10:08:05.699  INFO 16236 --- [Thread-23] o.a.c.c.C.[Tomcat].[localhost].[/]       : Destroying Spring FrameworkServlet 'dispatcherServlet'
2022-11-25 10:08:05.760  INFO 16236 --- [restartedMain] c.e.empapp.EmpappSbootAppApplication     : Starting EmpappSbootAppApplication using Java 17.0.4.1 on MILE-BL-4722-LAP with PID 16236 (C:\Users\Miles\Desktop\JAVA\web-dev\ff13\labs\sboot\empapp-sboot-app\target\classes started by Miles in C:\Users\Miles\Desktop\JAVA\web-dev\ff13\labs\sboot\empapp-sboot-app)
2022-11-25 10:08:05.761 DEBUG 16236 --- [restartedMain] c.e.empapp.EmpappSbootAppApplication     : Running with Spring Boot v2.7.5, Spring v5.3.23
2022-11-25 10:08:05.761  INFO 16236 --- [restartedMain] c.e.empapp.EmpappSbootAppApplication     : The following 1 profile is active: "dev"
2022-11-25 10:08:05.924  INFO 16236 --- [restartedMain] o.s.b.w.embedded.tomcat.TomcatWebServer  : Tomcat initialized with port(s): 8080 (http)
2022-11-25 10:08:05.925  INFO 16236 --- [restartedMain] o.apache.catalina.core.StandardService   : Starting service [Tomcat]
2022-11-25 10:08:05.925  INFO 16236 --- [restartedMain] org.apache.catalina.core.StandardEngine  : Starting Servlet engine: [Apache Tomcat/9.0.68]
2022-11-25 10:08:05.935  INFO 16236 --- [restartedMain] o.a.c.c.C.[Tomcat].[localhost].[/]       : Initializing Spring embedded WebApplicationContext
2022-11-25 10:08:05.935  INFO 16236 --- [restartedMain] w.s.c.ServletWebServerApplicationContext : Root WebApplicationContext: initialization completed in 173 ms
2022-11-25 10:08:05.971  INFO 16236 --- [restartedMain] c.examples.empapp.config.EmployeeConfig  : Welcome, Connection created successfully.com.mysql.cj.jdbc.ConnectionImpl@58da4eec
2022-11-25 10:08:06.033  INFO 16236 --- [restartedMain] o.s.b.d.a.OptionalLiveReloadServer       : LiveReload server is running on port 35729
2022-11-25 10:08:06.035  INFO 16236 --- [restartedMain] o.s.b.a.e.web.EndpointLinksResolver      : Exposing 1 endpoint(s) beneath base path '/actuator'
2022-11-25 10:08:06.049  INFO 16236 --- [restartedMain] o.s.b.w.embedded.tomcat.TomcatWebServer  : Tomcat started on port(s): 8080 (http) with context path ''
2022-11-25 10:08:06.056  INFO 16236 --- [restartedMain] c.e.empapp.EmpappSbootAppApplication     : Started EmpappSbootAppApplication in 0.313 seconds (JVM running for 519.328)
2022-11-25 10:08:06.057  INFO 16236 --- [restartedMain] .ConditionEvaluationDeltaLoggingListener : Condition evaluation unchanged
2022-11-25 10:08:44.095  INFO 16236 --- [File Watcher] rtingClassPathChangeChangedEventListener : Restarting due to 1 class path change (0 additions, 0 deletions, 1 modification)
2022-11-25 10:08:44.109  INFO 16236 --- [Thread-27] o.apache.catalina.core.StandardService   : Stopping service [Tomcat]
2022-11-25 10:08:44.171  INFO 16236 --- [restartedMain] c.e.empapp.EmpappSbootAppApplication     : Starting EmpappSbootAppApplication using Java 17.0.4.1 on MILE-BL-4722-LAP with PID 16236 (C:\Users\Miles\Desktop\JAVA\web-dev\ff13\labs\sboot\empapp-sboot-app\target\classes started by Miles in C:\Users\Miles\Desktop\JAVA\web-dev\ff13\labs\sboot\empapp-sboot-app)
2022-11-25 10:08:44.171 DEBUG 16236 --- [restartedMain] c.e.empapp.EmpappSbootAppApplication     : Running with Spring Boot v2.7.5, Spring v5.3.23
2022-11-25 10:08:44.171  INFO 16236 --- [restartedMain] c.e.empapp.EmpappSbootAppApplication     : The following 1 profile is active: "dev"
2022-11-25 10:08:44.340  INFO 16236 --- [restartedMain] o.s.b.w.embedded.tomcat.TomcatWebServer  : Tomcat initialized with port(s): 8080 (http)
2022-11-25 10:08:44.340  INFO 16236 --- [restartedMain] o.apache.catalina.core.StandardService   : Starting service [Tomcat]
2022-11-25 10:08:44.340  INFO 16236 --- [restartedMain] org.apache.catalina.core.StandardEngine  : Starting Servlet engine: [Apache Tomcat/9.0.68]
2022-11-25 10:08:44.349  INFO 16236 --- [restartedMain] o.a.c.c.C.[Tomcat].[localhost].[/]       : Initializing Spring embedded WebApplicationContext
2022-11-25 10:08:44.350  INFO 16236 --- [restartedMain] w.s.c.ServletWebServerApplicationContext : Root WebApplicationContext: initialization completed in 177 ms
2022-11-25 10:08:44.386  INFO 16236 --- [restartedMain] c.examples.empapp.config.EmployeeConfig  : Welcome, Connection created successfully.com.mysql.cj.jdbc.ConnectionImpl@60438ae2
2022-11-25 10:08:44.446  INFO 16236 --- [restartedMain] o.s.b.d.a.OptionalLiveReloadServer       : LiveReload server is running on port 35729
2022-11-25 10:08:44.448  INFO 16236 --- [restartedMain] o.s.b.a.e.web.EndpointLinksResolver      : Exposing 1 endpoint(s) beneath base path '/actuator'
2022-11-25 10:08:44.463  INFO 16236 --- [restartedMain] o.s.b.w.embedded.tomcat.TomcatWebServer  : Tomcat started on port(s): 8080 (http) with context path ''
2022-11-25 10:08:44.470  INFO 16236 --- [restartedMain] c.e.empapp.EmpappSbootAppApplication     : Started EmpappSbootAppApplication in 0.318 seconds (JVM running for 557.743)
2022-11-25 10:08:44.471  INFO 16236 --- [restartedMain] .ConditionEvaluationDeltaLoggingListener : Condition evaluation unchanged
2022-11-25 10:08:54.273  INFO 16236 --- [RMI TCP Connection(37)-127.0.0.1] inMXBeanRegistrar$SpringApplicationAdmin : Application shutdown requested.
2022-11-25 10:08:54.285  INFO 16236 --- [RMI TCP Connection(37)-127.0.0.1] o.apache.catalina.core.StandardService   : Stopping service [Tomcat]
2022-11-25 10:08:57.126  INFO 18668 --- [restartedMain] c.e.empapp.EmpappSbootAppApplication     : Starting EmpappSbootAppApplication using Java 17.0.4.1 on MILE-BL-4722-LAP with PID 18668 (C:\Users\Miles\Desktop\JAVA\web-dev\ff13\labs\sboot\empapp-sboot-app\target\classes started by Miles in C:\Users\Miles\Desktop\JAVA\web-dev\ff13\labs\sboot\empapp-sboot-app)
2022-11-25 10:08:57.127 DEBUG 18668 --- [restartedMain] c.e.empapp.EmpappSbootAppApplication     : Running with Spring Boot v2.7.5, Spring v5.3.23
2022-11-25 10:08:57.128  INFO 18668 --- [restartedMain] c.e.empapp.EmpappSbootAppApplication     : The following 1 profile is active: "dev"
2022-11-25 10:08:57.171  INFO 18668 --- [restartedMain] .e.DevToolsPropertyDefaultsPostProcessor : Devtools property defaults active! Set 'spring.devtools.add-properties' to 'false' to disable
2022-11-25 10:08:57.171  INFO 18668 --- [restartedMain] .e.DevToolsPropertyDefaultsPostProcessor : For additional web related logging consider setting the 'logging.level.web' property to 'DEBUG'
2022-11-25 10:08:58.029  INFO 18668 --- [restartedMain] o.s.b.w.embedded.tomcat.TomcatWebServer  : Tomcat initialized with port(s): 8080 (http)
2022-11-25 10:08:58.037  INFO 18668 --- [restartedMain] o.apache.catalina.core.StandardService   : Starting service [Tomcat]
2022-11-25 10:08:58.037  INFO 18668 --- [restartedMain] org.apache.catalina.core.StandardEngine  : Starting Servlet engine: [Apache Tomcat/9.0.68]
2022-11-25 10:08:58.085  INFO 18668 --- [restartedMain] o.a.c.c.C.[Tomcat].[localhost].[/]       : Initializing Spring embedded WebApplicationContext
2022-11-25 10:08:58.085  INFO 18668 --- [restartedMain] w.s.c.ServletWebServerApplicationContext : Root WebApplicationContext: initialization completed in 913 ms
2022-11-25 10:08:58.469  INFO 18668 --- [restartedMain] c.examples.empapp.config.EmployeeConfig  : Welcome, Connection created successfully.com.mysql.cj.jdbc.ConnectionImpl@c1688a3
2022-11-25 10:08:58.799  INFO 18668 --- [restartedMain] o.s.b.d.a.OptionalLiveReloadServer       : LiveReload server is running on port 35729
2022-11-25 10:08:58.804  INFO 18668 --- [restartedMain] o.s.b.a.e.web.EndpointLinksResolver      : Exposing 1 endpoint(s) beneath base path '/actuator'
2022-11-25 10:08:58.842  INFO 18668 --- [restartedMain] o.s.b.w.embedded.tomcat.TomcatWebServer  : Tomcat started on port(s): 8080 (http) with context path ''
2022-11-25 10:08:58.854  INFO 18668 --- [restartedMain] c.e.empapp.EmpappSbootAppApplication     : Started EmpappSbootAppApplication in 2.016 seconds (JVM running for 2.626)
2022-11-25 10:08:59.948  INFO 18668 --- [RMI TCP Connection(9)-127.0.0.1] o.a.c.c.C.[Tomcat].[localhost].[/]       : Initializing Spring DispatcherServlet 'dispatcherServlet'
2022-11-25 10:08:59.949  INFO 18668 --- [RMI TCP Connection(9)-127.0.0.1] o.s.web.servlet.DispatcherServlet        : Initializing Servlet 'dispatcherServlet'
2022-11-25 10:08:59.951  INFO 18668 --- [RMI TCP Connection(9)-127.0.0.1] o.s.web.servlet.DispatcherServlet        : Completed initialization in 2 ms
2022-11-25 10:11:30.146  INFO 18668 --- [File Watcher] rtingClassPathChangeChangedEventListener : Restarting due to 1 class path change (0 additions, 0 deletions, 1 modification)
2022-11-25 10:11:30.163  INFO 18668 --- [Thread-5] o.apache.catalina.core.StandardService   : Stopping service [Tomcat]
2022-11-25 10:11:30.163  INFO 18668 --- [Thread-5] o.a.c.c.C.[Tomcat].[localhost].[/]       : Destroying Spring FrameworkServlet 'dispatcherServlet'
2022-11-25 10:11:30.235  INFO 18668 --- [restartedMain] c.e.empapp.EmpappSbootAppApplication     : Starting EmpappSbootAppApplication using Java 17.0.4.1 on MILE-BL-4722-LAP with PID 18668 (C:\Users\Miles\Desktop\JAVA\web-dev\ff13\labs\sboot\empapp-sboot-app\target\classes started by Miles in C:\Users\Miles\Desktop\JAVA\web-dev\ff13\labs\sboot\empapp-sboot-app)
2022-11-25 10:11:30.235 DEBUG 18668 --- [restartedMain] c.e.empapp.EmpappSbootAppApplication     : Running with Spring Boot v2.7.5, Spring v5.3.23
2022-11-25 10:11:30.235  INFO 18668 --- [restartedMain] c.e.empapp.EmpappSbootAppApplication     : The following 1 profile is active: "dev"
2022-11-25 10:11:30.427  INFO 18668 --- [restartedMain] o.s.b.w.embedded.tomcat.TomcatWebServer  : Tomcat initialized with port(s): 8080 (http)
2022-11-25 10:11:30.428  INFO 18668 --- [restartedMain] o.apache.catalina.core.StandardService   : Starting service [Tomcat]
2022-11-25 10:11:30.428  INFO 18668 --- [restartedMain] org.apache.catalina.core.StandardEngine  : Starting Servlet engine: [Apache Tomcat/9.0.68]
2022-11-25 10:11:30.441  INFO 18668 --- [restartedMain] o.a.c.c.C.[Tomcat].[localhost].[/]       : Initializing Spring embedded WebApplicationContext
2022-11-25 10:11:30.441  INFO 18668 --- [restartedMain] w.s.c.ServletWebServerApplicationContext : Root WebApplicationContext: initialization completed in 204 ms
2022-11-25 10:11:30.483  INFO 18668 --- [restartedMain] c.examples.empapp.config.EmployeeConfig  : Welcome, Connection created successfully.com.mysql.cj.jdbc.ConnectionImpl@566d31f3
2022-11-25 10:11:30.567  INFO 18668 --- [restartedMain] o.s.b.d.a.OptionalLiveReloadServer       : LiveReload server is running on port 35729
2022-11-25 10:11:30.569  INFO 18668 --- [restartedMain] o.s.b.a.e.web.EndpointLinksResolver      : Exposing 1 endpoint(s) beneath base path '/actuator'
2022-11-25 10:11:30.580  INFO 18668 --- [restartedMain] o.s.b.w.embedded.tomcat.TomcatWebServer  : Tomcat started on port(s): 8080 (http) with context path ''
2022-11-25 10:11:30.587  INFO 18668 --- [restartedMain] c.e.empapp.EmpappSbootAppApplication     : Started EmpappSbootAppApplication in 0.374 seconds (JVM running for 154.359)
2022-11-25 10:11:30.589  INFO 18668 --- [restartedMain] .ConditionEvaluationDeltaLoggingListener : Condition evaluation unchanged
2022-11-25 11:12:55.898  INFO 18668 --- [RMI TCP Connection(89)-127.0.0.1] inMXBeanRegistrar$SpringApplicationAdmin : Application shutdown requested.
2022-11-25 11:12:55.940  INFO 18668 --- [RMI TCP Connection(89)-127.0.0.1] o.apache.catalina.core.StandardService   : Stopping service [Tomcat]
2022-11-25 11:17:54.988  INFO 26264 --- [restartedMain] c.e.empapp.EmpappSbootAppApplication     : Starting EmpappSbootAppApplication using Java 17.0.4.1 on MILE-BL-4722-LAP with PID 26264 (C:\Users\Miles\Desktop\JAVA\web-dev\ff13\labs\sboot\empapp-sboot-app\target\classes started by Miles in C:\Users\Miles\Desktop\JAVA\web-dev\ff13\labs\sboot\empapp-sboot-app)
2022-11-25 11:17:54.989 DEBUG 26264 --- [restartedMain] c.e.empapp.EmpappSbootAppApplication     : Running with Spring Boot v2.7.5, Spring v5.3.23
2022-11-25 11:17:54.990  INFO 26264 --- [restartedMain] c.e.empapp.EmpappSbootAppApplication     : The following 1 profile is active: "dev"
2022-11-25 11:17:55.028  INFO 26264 --- [restartedMain] .e.DevToolsPropertyDefaultsPostProcessor : Devtools property defaults active! Set 'spring.devtools.add-properties' to 'false' to disable
2022-11-25 11:17:55.029  INFO 26264 --- [restartedMain] .e.DevToolsPropertyDefaultsPostProcessor : For additional web related logging consider setting the 'logging.level.web' property to 'DEBUG'
2022-11-25 11:17:55.902  INFO 26264 --- [restartedMain] o.s.b.w.embedded.tomcat.TomcatWebServer  : Tomcat initialized with port(s): 8080 (http)
2022-11-25 11:17:55.910  INFO 26264 --- [restartedMain] o.apache.catalina.core.StandardService   : Starting service [Tomcat]
2022-11-25 11:17:55.910  INFO 26264 --- [restartedMain] org.apache.catalina.core.StandardEngine  : Starting Servlet engine: [Apache Tomcat/9.0.68]
2022-11-25 11:17:55.960  INFO 26264 --- [restartedMain] o.a.c.c.C.[Tomcat].[localhost].[/]       : Initializing Spring embedded WebApplicationContext
2022-11-25 11:17:55.960  INFO 26264 --- [restartedMain] w.s.c.ServletWebServerApplicationContext : Root WebApplicationContext: initialization completed in 930 ms
2022-11-25 11:17:56.354  INFO 26264 --- [restartedMain] c.examples.empapp.config.EmployeeConfig  : Welcome, Connection created successfully.com.mysql.cj.jdbc.ConnectionImpl@3115f50d
2022-11-25 11:17:56.698  INFO 26264 --- [restartedMain] o.s.b.d.a.OptionalLiveReloadServer       : LiveReload server is running on port 35729
2022-11-25 11:17:56.702  INFO 26264 --- [restartedMain] o.s.b.a.e.web.EndpointLinksResolver      : Exposing 1 endpoint(s) beneath base path '/actuator'
2022-11-25 11:17:56.742  INFO 26264 --- [restartedMain] o.s.b.w.embedded.tomcat.TomcatWebServer  : Tomcat started on port(s): 8080 (http) with context path ''
2022-11-25 11:17:56.755  INFO 26264 --- [restartedMain] c.e.empapp.EmpappSbootAppApplication     : Started EmpappSbootAppApplication in 2.049 seconds (JVM running for 2.631)
2022-11-25 11:17:57.532  INFO 26264 --- [RMI TCP Connection(9)-127.0.0.1] o.a.c.c.C.[Tomcat].[localhost].[/]       : Initializing Spring DispatcherServlet 'dispatcherServlet'
2022-11-25 11:17:57.532  INFO 26264 --- [RMI TCP Connection(9)-127.0.0.1] o.s.web.servlet.DispatcherServlet        : Initializing Servlet 'dispatcherServlet'
2022-11-25 11:17:57.534  INFO 26264 --- [RMI TCP Connection(9)-127.0.0.1] o.s.web.servlet.DispatcherServlet        : Completed initialization in 2 ms
2022-11-25 11:18:10.422  INFO 26264 --- [RMI TCP Connection(7)-127.0.0.1] inMXBeanRegistrar$SpringApplicationAdmin : Application shutdown requested.
2022-11-25 11:18:10.439  INFO 26264 --- [RMI TCP Connection(7)-127.0.0.1] o.apache.catalina.core.StandardService   : Stopping service [Tomcat]
2022-11-25 11:18:10.440  INFO 26264 --- [RMI TCP Connection(7)-127.0.0.1] o.a.c.c.C.[Tomcat].[localhost].[/]       : Destroying Spring FrameworkServlet 'dispatcherServlet'
